{
  "RSpec": {
    "coverage": {
      "/Users/student/Documents/Projects/bank-tech-test/spec/bank_spec.rb": {
        "lines": [
          null,
          null,
          1,
          null,
          1,
          6,
          null,
          1,
          1,
          null,
          null,
          1,
          1,
          1,
          null,
          null,
          1,
          1,
          1,
          1,
          1,
          null,
          null,
          1,
          2,
          null,
          null,
          null,
          1,
          1,
          1,
          null,
          null,
          null,
          null
        ]
      },
      "/Users/student/Documents/Projects/bank-tech-test/lib/bank.rb": {
        "lines": [
          null,
          null,
          1,
          1,
          1,
          null,
          null,
          1,
          1,
          null,
          1,
          5,
          5,
          null,
          null,
          1,
          3,
          null,
          3,
          null,
          null,
          1,
          3,
          null,
          2,
          2,
          null,
          null,
          1,
          0,
          0,
          null,
          null,
          1,
          null,
          1,
          5,
          5,
          null,
          null,
          null
        ]
      },
      "/Users/student/Documents/Projects/bank-tech-test/lib/print.rb": {
        "lines": [
          null,
          null,
          null,
          1,
          null,
          1,
          0,
          0,
          0,
          0,
          0,
          null,
          null,
          1,
          0,
          0,
          0,
          0,
          0,
          0,
          0,
          null,
          null,
          null,
          1,
          0,
          null,
          null,
          1,
          0,
          0,
          0,
          0,
          0,
          0,
          0,
          null,
          null,
          null,
          null,
          null,
          1,
          0,
          null,
          null,
          1,
          0,
          0,
          0,
          null,
          0,
          null,
          null,
          null,
          null,
          null,
          null,
          null
        ]
      },
      "/Users/student/Documents/Projects/bank-tech-test/lib/transaction.rb": {
        "lines": [
          1,
          1,
          null,
          1,
          9,
          9,
          9,
          9,
          null,
          null,
          null
        ]
      },
      "/Users/student/Documents/Projects/bank-tech-test/spec/print_spec.rb": {
        "lines": [
          null,
          null,
          1,
          1,
          null,
          1,
          2,
          2,
          2,
          1,
          null,
          1,
          null,
          null,
          null,
          1,
          null,
          null,
          null,
          null,
          null,
          null,
          null,
          null,
          null,
          null,
          null,
          null,
          null,
          null,
          null
        ]
      },
      "/Users/student/Documents/Projects/bank-tech-test/spec/transaction_spec.rb": {
        "lines": [
          1,
          null,
          1,
          null,
          1,
          1,
          1,
          1,
          1,
          1,
          1,
          null,
          null,
          1,
          1,
          1,
          1,
          1,
          1,
          1,
          null,
          null,
          null
        ]
      }
    },
    "timestamp": 1582590092
  }
}
