{
  "RSpec": {
    "coverage": {
      "/Users/student/Documents/Projects/bank-tech-test/spec/print_spec.rb": {
        "lines": [
          null,
          null,
          1,
          1,
          null,
          1,
          2,
          2,
          2,
          2,
          null,
          1,
          1,
          2,
          null,
          null,
          null
        ]
      },
      "/Users/student/Documents/Projects/bank-tech-test/lib/print.rb": {
        "lines": [
          null,
          null,
          null,
          1,
          null,
          1,
          1,
          1,
          2,
          1,
          null,
          1,
          null,
          null,
          null,
          null,
          1,
          2,
          null,
          null,
          null
        ]
      },
      "/Users/student/Documents/Projects/bank-tech-test/lib/transaction.rb": {
        "lines": [
          1,
          1,
          null,
          1,
          2,
          2,
          2,
          2,
          null,
          null,
          null
        ]
      }
    },
    "timestamp": 1582625851
  }
}
